Highest Priority First:
currentTime: 0.25
name: P1
priority: 3
arrivalTime: 0
burstTime: 5
usedCpuTime: 0
handleWeight: 3
state:0

currentTime: 0.5
name: P1
priority: 3
arrivalTime: 0
burstTime: 5
usedCpuTime: 0
handleWeight: 3
state:0

currentTime: 0.75
name: P1
priority: 3
arrivalTime: 0
burstTime: 5
usedCpuTime: 0
handleWeight: 3
state:0

currentTime: 1
name: P1
priority: 3
arrivalTime: 0
burstTime: 5
usedCpuTime: 0
handleWeight: 3
state:0

currentTime: 1.25
name: P1
priority: 3
arrivalTime: 0
burstTime: 5
usedCpuTime: 0
handleWeight: 3
state:0

currentTime: 1.5
name: P1
priority: 3
arrivalTime: 0
burstTime: 5
usedCpuTime: 0
handleWeight: 3
state:0

currentTime: 1.75
name: P1
priority: 3
arrivalTime: 0
burstTime: 5
usedCpuTime: 0
handleWeight: 3
state:0

currentTime: 2
name: P1
priority: 3
arrivalTime: 0
burstTime: 5
usedCpuTime: 0
handleWeight: 3
state:0

name: P2
priority: 1
arrivalTime: 2
burstTime: 3
usedCpuTime: 0
handleWeight: 1
state:0

currentTime: 2.25
name: P1
priority: 3
arrivalTime: 0
burstTime: 5
usedCpuTime: 0
handleWeight: 3
state:0

name: P2
priority: 1
arrivalTime: 2
burstTime: 3
usedCpuTime: 0
handleWeight: 1
state:0

currentTime: 2.5
name: P1
priority: 3
arrivalTime: 0
burstTime: 5
usedCpuTime: 0
handleWeight: 3
state:0

name: P2
priority: 1
arrivalTime: 2
burstTime: 3
usedCpuTime: 0
handleWeight: 1
state:0

currentTime: 2.75
name: P1
priority: 3
arrivalTime: 0
burstTime: 5
usedCpuTime: 0
handleWeight: 3
state:0

name: P2
priority: 1
arrivalTime: 2
burstTime: 3
usedCpuTime: 0
handleWeight: 1
state:0

currentTime: 3
name: P1
priority: 3
arrivalTime: 0
burstTime: 5
usedCpuTime: 0
handleWeight: 3
state:0

name: P2
priority: 1
arrivalTime: 2
burstTime: 3
usedCpuTime: 0
handleWeight: 1
state:0

currentTime: 3.25
name: P1
priority: 3
arrivalTime: 0
burstTime: 5
usedCpuTime: 0
handleWeight: 3
state:0

name: P2
priority: 1
arrivalTime: 2
burstTime: 3
usedCpuTime: 0
handleWeight: 1
state:0

currentTime: 3.5
name: P1
priority: 3
arrivalTime: 0
burstTime: 5
usedCpuTime: 0
handleWeight: 3
state:0

name: P2
priority: 1
arrivalTime: 2
burstTime: 3
usedCpuTime: 0
handleWeight: 1
state:0

currentTime: 3.75
name: P1
priority: 3
arrivalTime: 0
burstTime: 5
usedCpuTime: 0
handleWeight: 3
state:0

name: P2
priority: 1
arrivalTime: 2
burstTime: 3
usedCpuTime: 0
handleWeight: 1
state:0

currentTime: 4
name: P1
priority: 3
arrivalTime: 0
burstTime: 5
usedCpuTime: 0
handleWeight: 3
state:0

name: P3
priority: 2
arrivalTime: 4
burstTime: 2
usedCpuTime: 0
handleWeight: 2
state:0

name: P2
priority: 1
arrivalTime: 2
burstTime: 3
usedCpuTime: 0
handleWeight: 1
state:0

currentTime: 4.25
name: P1
priority: 3
arrivalTime: 0
burstTime: 5
usedCpuTime: 0
handleWeight: 3
state:0

name: P3
priority: 2
arrivalTime: 4
burstTime: 2
usedCpuTime: 0
handleWeight: 2
state:0

name: P2
priority: 1
arrivalTime: 2
burstTime: 3
usedCpuTime: 0
handleWeight: 1
state:0

currentTime: 4.5
name: P1
priority: 3
arrivalTime: 0
burstTime: 5
usedCpuTime: 0
handleWeight: 3
state:0

name: P3
priority: 2
arrivalTime: 4
burstTime: 2
usedCpuTime: 0
handleWeight: 2
state:0

name: P2
priority: 1
arrivalTime: 2
burstTime: 3
usedCpuTime: 0
handleWeight: 1
state:0

currentTime: 4.75
name: P1
priority: 3
arrivalTime: 0
burstTime: 5
usedCpuTime: 0
handleWeight: 3
state:0

name: P3
priority: 2
arrivalTime: 4
burstTime: 2
usedCpuTime: 0
handleWeight: 2
state:0

name: P2
priority: 1
arrivalTime: 2
burstTime: 3
usedCpuTime: 0
handleWeight: 1
state:0

currentTime: 5
name: P1
priority: 3
arrivalTime: 0
burstTime: 5
usedCpuTime: 0
handleWeight: 3
state:0

name: P3
priority: 2
arrivalTime: 4
burstTime: 2
usedCpuTime: 0
handleWeight: 2
state:0

name: P2
priority: 1
arrivalTime: 2
burstTime: 3
usedCpuTime: 0
handleWeight: 1
state:0

currentTime: 5.25
name: P1
priority: 3
arrivalTime: 0
burstTime: 5
usedCpuTime: 0
handleWeight: 3
state:0

name: P3
priority: 2
arrivalTime: 4
burstTime: 2
usedCpuTime: 0
handleWeight: 2
state:0

name: P2
priority: 1
arrivalTime: 2
burstTime: 3
usedCpuTime: 0
handleWeight: 1
state:0

currentTime: 5.5
name: P1
priority: 3
arrivalTime: 0
burstTime: 5
usedCpuTime: 0
handleWeight: 3
state:0

name: P3
priority: 2
arrivalTime: 4
burstTime: 2
usedCpuTime: 0
handleWeight: 2
state:0

name: P2
priority: 1
arrivalTime: 2
burstTime: 3
usedCpuTime: 0
handleWeight: 1
state:0

currentTime: 5.75
name: P1
priority: 3
arrivalTime: 0
burstTime: 5
usedCpuTime: 0
handleWeight: 3
state:0

name: P3
priority: 2
arrivalTime: 4
burstTime: 2
usedCpuTime: 0
handleWeight: 2
state:0

name: P2
priority: 1
arrivalTime: 2
burstTime: 3
usedCpuTime: 0
handleWeight: 1
state:0

currentTime: 6
name: P1
priority: 3
arrivalTime: 0
burstTime: 5
usedCpuTime: 0
handleWeight: 3
state:0

name: P3
priority: 2
arrivalTime: 4
burstTime: 2
usedCpuTime: 0
handleWeight: 2
state:0

name: P2
priority: 1
arrivalTime: 2
burstTime: 3
usedCpuTime: 0
handleWeight: 1
state:0

currentTime: 6.25
name: P1
priority: 3
arrivalTime: 0
burstTime: 5
usedCpuTime: 0
handleWeight: 3
state:0

name: P3
priority: 2
arrivalTime: 4
burstTime: 2
usedCpuTime: 0
handleWeight: 2
state:0

name: P2
priority: 1
arrivalTime: 2
burstTime: 3
usedCpuTime: 0
handleWeight: 1
state:0

currentTime: 6.5
name: P1
priority: 3
arrivalTime: 0
burstTime: 5
usedCpuTime: 0
handleWeight: 3
state:0

name: P3
priority: 2
arrivalTime: 4
burstTime: 2
usedCpuTime: 0
handleWeight: 2
state:0

name: P2
priority: 1
arrivalTime: 2
burstTime: 3
usedCpuTime: 0
handleWeight: 1
state:0

currentTime: 6.75
name: P1
priority: 3
arrivalTime: 0
burstTime: 5
usedCpuTime: 0
handleWeight: 3
state:0

name: P3
priority: 2
arrivalTime: 4
burstTime: 2
usedCpuTime: 0
handleWeight: 2
state:0

name: P2
priority: 1
arrivalTime: 2
burstTime: 3
usedCpuTime: 0
handleWeight: 1
state:0

currentTime: 7
name: P1
priority: 3
arrivalTime: 0
burstTime: 5
usedCpuTime: 0
handleWeight: 3
state:0

name: P3
priority: 2
arrivalTime: 4
burstTime: 2
usedCpuTime: 0
handleWeight: 2
state:0

name: P2
priority: 1
arrivalTime: 2
burstTime: 3
usedCpuTime: 0
handleWeight: 1
state:0

currentTime: 7.25
name: P1
priority: 3
arrivalTime: 0
burstTime: 5
usedCpuTime: 0
handleWeight: 3
state:0

name: P3
priority: 2
arrivalTime: 4
burstTime: 2
usedCpuTime: 0
handleWeight: 2
state:0

name: P2
priority: 1
arrivalTime: 2
burstTime: 3
usedCpuTime: 0
handleWeight: 1
state:0

currentTime: 7.5
name: P1
priority: 3
arrivalTime: 0
burstTime: 5
usedCpuTime: 0
handleWeight: 3
state:0

name: P3
priority: 2
arrivalTime: 4
burstTime: 2
usedCpuTime: 0
handleWeight: 2
state:0

name: P2
priority: 1
arrivalTime: 2
burstTime: 3
usedCpuTime: 0
handleWeight: 1
state:0

currentTime: 7.75
name: P1
priority: 3
arrivalTime: 0
burstTime: 5
usedCpuTime: 0
handleWeight: 3
state:0

name: P3
priority: 2
arrivalTime: 4
burstTime: 2
usedCpuTime: 0
handleWeight: 2
state:0

name: P2
priority: 1
arrivalTime: 2
burstTime: 3
usedCpuTime: 0
handleWeight: 1
state:0

currentTime: 8
name: P1
priority: 3
arrivalTime: 0
burstTime: 5
usedCpuTime: 0
handleWeight: 3
state:0

name: P3
priority: 2
arrivalTime: 4
burstTime: 2
usedCpuTime: 0
handleWeight: 2
state:0

name: P2
priority: 1
arrivalTime: 2
burstTime: 3
usedCpuTime: 0
handleWeight: 1
state:0

currentTime: 8.25
name: P1
priority: 3
arrivalTime: 0
burstTime: 5
usedCpuTime: 0
handleWeight: 3
state:0

name: P3
priority: 2
arrivalTime: 4
burstTime: 2
usedCpuTime: 0
handleWeight: 2
state:0

name: P2
priority: 1
arrivalTime: 2
burstTime: 3
usedCpuTime: 0
handleWeight: 1
state:0

currentTime: 8.5
name: P1
priority: 3
arrivalTime: 0
burstTime: 5
usedCpuTime: 0
handleWeight: 3
state:0

name: P3
priority: 2
arrivalTime: 4
burstTime: 2
usedCpuTime: 0
handleWeight: 2
state:0

name: P2
priority: 1
arrivalTime: 2
burstTime: 3
usedCpuTime: 0
handleWeight: 1
state:0

currentTime: 8.75
name: P1
priority: 3
arrivalTime: 0
burstTime: 5
usedCpuTime: 0
handleWeight: 3
state:0

name: P3
priority: 2
arrivalTime: 4
burstTime: 2
usedCpuTime: 0
handleWeight: 2
state:0

name: P2
priority: 1
arrivalTime: 2
burstTime: 3
usedCpuTime: 0
handleWeight: 1
state:0

currentTime: 9
name: P1
priority: 3
arrivalTime: 0
burstTime: 5
usedCpuTime: 0
handleWeight: 3
state:0

name: P3
priority: 2
arrivalTime: 4
burstTime: 2
usedCpuTime: 0
handleWeight: 2
state:0

name: P2
priority: 1
arrivalTime: 2
burstTime: 3
usedCpuTime: 0
handleWeight: 1
state:0

currentTime: 9.25
name: P1
priority: 3
arrivalTime: 0
burstTime: 5
usedCpuTime: 0
handleWeight: 3
state:0

name: P3
priority: 2
arrivalTime: 4
burstTime: 2
usedCpuTime: 0
handleWeight: 2
state:0

name: P2
priority: 1
arrivalTime: 2
burstTime: 3
usedCpuTime: 0
handleWeight: 1
state:0

currentTime: 9.5
name: P1
priority: 3
arrivalTime: 0
burstTime: 5
usedCpuTime: 0
handleWeight: 3
state:0

name: P3
priority: 2
arrivalTime: 4
burstTime: 2
usedCpuTime: 0
handleWeight: 2
state:0

name: P2
priority: 1
arrivalTime: 2
burstTime: 3
usedCpuTime: 0
handleWeight: 1
state:0

currentTime: 9.75
name: P1
priority: 3
arrivalTime: 0
burstTime: 5
usedCpuTime: 0
handleWeight: 3
state:0

name: P3
priority: 2
arrivalTime: 4
burstTime: 2
usedCpuTime: 0
handleWeight: 2
state:0

name: P2
priority: 1
arrivalTime: 2
burstTime: 3
usedCpuTime: 0
handleWeight: 1
state:0

currentTime: 10
name: P1
priority: 3
arrivalTime: 0
burstTime: 5
usedCpuTime: 0
handleWeight: 3
state:0

name: P3
priority: 2
arrivalTime: 4
burstTime: 2
usedCpuTime: 0
handleWeight: 2
state:0

name: P2
priority: 1
arrivalTime: 2
burstTime: 3
usedCpuTime: 0
handleWeight: 1
state:0

currentTime: 10.25
name: P1
priority: 3
arrivalTime: 0
burstTime: 5
usedCpuTime: 0
handleWeight: 3
state:0

name: P3
priority: 2
arrivalTime: 4
burstTime: 2
usedCpuTime: 0
handleWeight: 2
state:0

name: P2
priority: 1
arrivalTime: 2
burstTime: 3
usedCpuTime: 0
handleWeight: 1
state:0

currentTime: 10.5
name: P1
priority: 3
arrivalTime: 0
burstTime: 5
usedCpuTime: 0
handleWeight: 3
state:0

name: P3
priority: 2
arrivalTime: 4
burstTime: 2
usedCpuTime: 0
handleWeight: 2
state:0

name: P2
priority: 1
arrivalTime: 2
burstTime: 3
usedCpuTime: 0
handleWeight: 1
state:0

currentTime: 10.75
name: P1
priority: 3
arrivalTime: 0
burstTime: 5
usedCpuTime: 0
handleWeight: 3
state:0

name: P3
priority: 2
arrivalTime: 4
burstTime: 2
usedCpuTime: 0
handleWeight: 2
state:0

name: P2
priority: 1
arrivalTime: 2
burstTime: 3
usedCpuTime: 0
handleWeight: 1
state:0

currentTime: 11
name: P1
priority: 3
arrivalTime: 0
burstTime: 5
usedCpuTime: 0
handleWeight: 3
state:0

name: P3
priority: 2
arrivalTime: 4
burstTime: 2
usedCpuTime: 0
handleWeight: 2
state:0

name: P2
priority: 1
arrivalTime: 2
burstTime: 3
usedCpuTime: 0
handleWeight: 1
state:0

currentTime: 11.25
name: P1
priority: 3
arrivalTime: 0
burstTime: 5
usedCpuTime: 0
handleWeight: 3
state:0

name: P3
priority: 2
arrivalTime: 4
burstTime: 2
usedCpuTime: 0
handleWeight: 2
state:0

name: P2
priority: 1
arrivalTime: 2
burstTime: 3
usedCpuTime: 0
handleWeight: 1
state:0

currentTime: 11.5
name: P1
priority: 3
arrivalTime: 0
burstTime: 5
usedCpuTime: 0
handleWeight: 3
state:0

name: P3
priority: 2
arrivalTime: 4
burstTime: 2
usedCpuTime: 0
handleWeight: 2
state:0

name: P2
priority: 1
arrivalTime: 2
burstTime: 3
usedCpuTime: 0
handleWeight: 1
state:0

currentTime: 11.75
name: P1
priority: 3
arrivalTime: 0
burstTime: 5
usedCpuTime: 0
handleWeight: 3
state:0

name: P3
priority: 2
arrivalTime: 4
burstTime: 2
usedCpuTime: 0
handleWeight: 2
state:0

name: P2
priority: 1
arrivalTime: 2
burstTime: 3
usedCpuTime: 0
handleWeight: 1
state:0

currentTime: 12
name: P1
priority: 3
arrivalTime: 0
burstTime: 5
usedCpuTime: 0
handleWeight: 3
state:0

name: P3
priority: 2
arrivalTime: 4
burstTime: 2
usedCpuTime: 0
handleWeight: 2
state:0

name: P2
priority: 1
arrivalTime: 2
burstTime: 3
usedCpuTime: 0
handleWeight: 1
state:0

currentTime: 12.25
name: P1
priority: 3
arrivalTime: 0
burstTime: 5
usedCpuTime: 0
handleWeight: 3
state:0

name: P3
priority: 2
arrivalTime: 4
burstTime: 2
usedCpuTime: 0
handleWeight: 2
state:0

name: P2
priority: 1
arrivalTime: 2
burstTime: 3
usedCpuTime: 0
handleWeight: 1
state:0

currentTime: 12.5
name: P1
priority: 3
arrivalTime: 0
burstTime: 5
usedCpuTime: 0
handleWeight: 3
state:0

name: P3
priority: 2
arrivalTime: 4
burstTime: 2
usedCpuTime: 0
handleWeight: 2
state:0

name: P2
priority: 1
arrivalTime: 2
burstTime: 3
usedCpuTime: 0
handleWeight: 1
state:0

currentTime: 12.75
name: P1
priority: 3
arrivalTime: 0
burstTime: 5
usedCpuTime: 0
handleWeight: 3
state:0

name: P3
priority: 2
arrivalTime: 4
burstTime: 2
usedCpuTime: 0
handleWeight: 2
state:0

name: P2
priority: 1
arrivalTime: 2
burstTime: 3
usedCpuTime: 0
handleWeight: 1
state:0

currentTime: 13
name: P1
priority: 3
arrivalTime: 0
burstTime: 5
usedCpuTime: 0
handleWeight: 3
state:0

name: P3
priority: 2
arrivalTime: 4
burstTime: 2
usedCpuTime: 0
handleWeight: 2
state:0

name: P2
priority: 1
arrivalTime: 2
burstTime: 3
usedCpuTime: 0
handleWeight: 1
state:0

currentTime: 13.25
name: P1
priority: 3
arrivalTime: 0
burstTime: 5
usedCpuTime: 0
handleWeight: 3
state:0

name: P3
priority: 2
arrivalTime: 4
burstTime: 2
usedCpuTime: 0
handleWeight: 2
state:0

name: P2
priority: 1
arrivalTime: 2
burstTime: 3
usedCpuTime: 0
handleWeight: 1
state:0

currentTime: 13.5
name: P1
priority: 3
arrivalTime: 0
burstTime: 5
usedCpuTime: 0
handleWeight: 3
state:0

name: P3
priority: 2
arrivalTime: 4
burstTime: 2
usedCpuTime: 0
handleWeight: 2
state:0

name: P2
priority: 1
arrivalTime: 2
burstTime: 3
usedCpuTime: 0
handleWeight: 1
state:0

currentTime: 13.75
name: P1
priority: 3
arrivalTime: 0
burstTime: 5
usedCpuTime: 0
handleWeight: 3
state:0

name: P3
priority: 2
arrivalTime: 4
burstTime: 2
usedCpuTime: 0
handleWeight: 2
state:0

name: P2
priority: 1
arrivalTime: 2
burstTime: 3
usedCpuTime: 0
handleWeight: 1
state:0

currentTime: 14
name: P1
priority: 3
arrivalTime: 0
burstTime: 5
usedCpuTime: 0
handleWeight: 3
state:0

name: P3
priority: 2
arrivalTime: 4
burstTime: 2
usedCpuTime: 0
handleWeight: 2
state:0

name: P2
priority: 1
arrivalTime: 2
burstTime: 3
usedCpuTime: 0
handleWeight: 1
state:0

currentTime: 14.25
name: P1
priority: 3
arrivalTime: 0
burstTime: 5
usedCpuTime: 0
handleWeight: 3
state:0

name: P3
priority: 2
arrivalTime: 4
burstTime: 2
usedCpuTime: 0
handleWeight: 2
state:0

name: P2
priority: 1
arrivalTime: 2
burstTime: 3
usedCpuTime: 0
handleWeight: 1
state:0

currentTime: 14.5
name: P1
priority: 3
arrivalTime: 0
burstTime: 5
usedCpuTime: 0
handleWeight: 3
state:0

name: P3
priority: 2
arrivalTime: 4
burstTime: 2
usedCpuTime: 0
handleWeight: 2
state:0

name: P2
priority: 1
arrivalTime: 2
burstTime: 3
usedCpuTime: 0
handleWeight: 1
state:0

currentTime: 14.75
name: P1
priority: 3
arrivalTime: 0
burstTime: 5
usedCpuTime: 0
handleWeight: 3
state:0

name: P3
priority: 2
arrivalTime: 4
burstTime: 2
usedCpuTime: 0
handleWeight: 2
state:0

name: P2
priority: 1
arrivalTime: 2
burstTime: 3
usedCpuTime: 0
handleWeight: 1
state:0

currentTime: 15
name: P1
priority: 3
arrivalTime: 0
burstTime: 5
usedCpuTime: 0
handleWeight: 3
state:0

name: P3
priority: 2
arrivalTime: 4
burstTime: 2
usedCpuTime: 0
handleWeight: 2
state:0

name: P2
priority: 1
arrivalTime: 2
burstTime: 3
usedCpuTime: 0
handleWeight: 1
state:0

currentTime: 15.25
name: P1
priority: 3
arrivalTime: 0
burstTime: 5
usedCpuTime: 0
handleWeight: 3
state:0

name: P3
priority: 2
arrivalTime: 4
burstTime: 2
usedCpuTime: 0
handleWeight: 2
state:0

name: P2
priority: 1
arrivalTime: 2
burstTime: 3
usedCpuTime: 0
handleWeight: 1
state:0

currentTime: 15.5
name: P1
priority: 3
arrivalTime: 0
burstTime: 5
usedCpuTime: 0
handleWeight: 3
state:0

name: P3
priority: 2
arrivalTime: 4
burstTime: 2
usedCpuTime: 0
handleWeight: 2
state:0

name: P2
priority: 1
arrivalTime: 2
burstTime: 3
usedCpuTime: 0
handleWeight: 1
state:0

currentTime: 15.75
name: P1
priority: 3
arrivalTime: 0
burstTime: 5
usedCpuTime: 0
handleWeight: 3
state:0

name: P3
priority: 2
arrivalTime: 4
burstTime: 2
usedCpuTime: 0
handleWeight: 2
state:0

name: P2
priority: 1
arrivalTime: 2
burstTime: 3
usedCpuTime: 0
handleWeight: 1
state:0

currentTime: 16
name: P1
priority: 3
arrivalTime: 0
burstTime: 5
usedCpuTime: 0
handleWeight: 3
state:0

name: P3
priority: 2
arrivalTime: 4
burstTime: 2
usedCpuTime: 0
handleWeight: 2
state:0

name: P2
priority: 1
arrivalTime: 2
burstTime: 3
usedCpuTime: 0
handleWeight: 1
state:0

currentTime: 16.25
name: P1
priority: 3
arrivalTime: 0
burstTime: 5
usedCpuTime: 0
handleWeight: 3
state:0

name: P3
priority: 2
arrivalTime: 4
burstTime: 2
usedCpuTime: 0
handleWeight: 2
state:0

name: P2
priority: 1
arrivalTime: 2
burstTime: 3
usedCpuTime: 0
handleWeight: 1
state:0

currentTime: 16.5
name: P1
priority: 3
arrivalTime: 0
burstTime: 5
usedCpuTime: 0
handleWeight: 3
state:0

name: P3
priority: 2
arrivalTime: 4
burstTime: 2
usedCpuTime: 0
handleWeight: 2
state:0

name: P2
priority: 1
arrivalTime: 2
burstTime: 3
usedCpuTime: 0
handleWeight: 1
state:0

currentTime: 16.75
name: P1
priority: 3
arrivalTime: 0
burstTime: 5
usedCpuTime: 0
handleWeight: 3
state:0

name: P3
priority: 2
arrivalTime: 4
burstTime: 2
usedCpuTime: 0
handleWeight: 2
state:0

name: P2
priority: 1
arrivalTime: 2
burstTime: 3
usedCpuTime: 0
handleWeight: 1
state:0

currentTime: 17
name: P1
priority: 3
arrivalTime: 0
burstTime: 5
usedCpuTime: 0
handleWeight: 3
state:0

name: P3
priority: 2
arrivalTime: 4
burstTime: 2
usedCpuTime: 0
handleWeight: 2
state:0

name: P2
priority: 1
arrivalTime: 2
burstTime: 3
usedCpuTime: 0
handleWeight: 1
state:0

currentTime: 17.25
name: P1
priority: 3
arrivalTime: 0
burstTime: 5
usedCpuTime: 0
handleWeight: 3
state:0

name: P3
priority: 2
arrivalTime: 4
burstTime: 2
usedCpuTime: 0
handleWeight: 2
state:0

name: P2
priority: 1
arrivalTime: 2
burstTime: 3
usedCpuTime: 0
handleWeight: 1
state:0

currentTime: 17.5
name: P1
priority: 3
arrivalTime: 0
burstTime: 5
usedCpuTime: 0
handleWeight: 3
state:0

name: P3
priority: 2
arrivalTime: 4
burstTime: 2
usedCpuTime: 0
handleWeight: 2
state:0

name: P2
priority: 1
arrivalTime: 2
burstTime: 3
usedCpuTime: 0
handleWeight: 1
state:0

currentTime: 17.75
name: P1
priority: 3
arrivalTime: 0
burstTime: 5
usedCpuTime: 0
handleWeight: 3
state:0

name: P3
priority: 2
arrivalTime: 4
burstTime: 2
usedCpuTime: 0
handleWeight: 2
state:0

name: P2
priority: 1
arrivalTime: 2
burstTime: 3
usedCpuTime: 0
handleWeight: 1
state:0

currentTime: 18
name: P1
priority: 3
arrivalTime: 0
burstTime: 5
usedCpuTime: 0
handleWeight: 3
state:0

name: P3
priority: 2
arrivalTime: 4
burstTime: 2
usedCpuTime: 0
handleWeight: 2
state:0

name: P2
priority: 1
arrivalTime: 2
burstTime: 3
usedCpuTime: 0
handleWeight: 1
state:0

currentTime: 18.25
name: P1
priority: 3
arrivalTime: 0
burstTime: 5
usedCpuTime: 0
handleWeight: 3
state:0

name: P3
priority: 2
arrivalTime: 4
burstTime: 2
usedCpuTime: 0
handleWeight: 2
state:0

name: P2
priority: 1
arrivalTime: 2
burstTime: 3
usedCpuTime: 0
handleWeight: 1
state:0

currentTime: 18.5
name: P1
priority: 3
arrivalTime: 0
burstTime: 5
usedCpuTime: 0
handleWeight: 3
state:0

name: P3
priority: 2
arrivalTime: 4
burstTime: 2
usedCpuTime: 0
handleWeight: 2
state:0

name: P2
priority: 1
arrivalTime: 2
burstTime: 3
usedCpuTime: 0
handleWeight: 1
state:0

currentTime: 18.75
name: P1
priority: 3
arrivalTime: 0
burstTime: 5
usedCpuTime: 0
handleWeight: 3
state:0

name: P3
priority: 2
arrivalTime: 4
burstTime: 2
usedCpuTime: 0
handleWeight: 2
state:0

name: P2
priority: 1
arrivalTime: 2
burstTime: 3
usedCpuTime: 0
handleWeight: 1
state:0

currentTime: 19
name: P1
priority: 3
arrivalTime: 0
burstTime: 5
usedCpuTime: 0
handleWeight: 3
state:0

name: P3
priority: 2
arrivalTime: 4
burstTime: 2
usedCpuTime: 0
handleWeight: 2
state:0

name: P2
priority: 1
arrivalTime: 2
burstTime: 3
usedCpuTime: 0
handleWeight: 1
state:0

currentTime: 19.25
name: P1
priority: 3
arrivalTime: 0
burstTime: 5
usedCpuTime: 0
handleWeight: 3
state:0

name: P3
priority: 2
arrivalTime: 4
burstTime: 2
usedCpuTime: 0
handleWeight: 2
state:0

name: P2
priority: 1
arrivalTime: 2
burstTime: 3
usedCpuTime: 0
handleWeight: 1
state:0

currentTime: 19.5
name: P1
priority: 3
arrivalTime: 0
burstTime: 5
usedCpuTime: 0
handleWeight: 3
state:0

name: P3
priority: 2
arrivalTime: 4
burstTime: 2
usedCpuTime: 0
handleWeight: 2
state:0

name: P2
priority: 1
arrivalTime: 2
burstTime: 3
usedCpuTime: 0
handleWeight: 1
state:0

currentTime: 19.75
name: P1
priority: 3
arrivalTime: 0
burstTime: 5
usedCpuTime: 0
handleWeight: 3
state:0

name: P3
priority: 2
arrivalTime: 4
burstTime: 2
usedCpuTime: 0
handleWeight: 2
state:0

name: P2
priority: 1
arrivalTime: 2
burstTime: 3
usedCpuTime: 0
handleWeight: 1
state:0

currentTime: 20
name: P1
priority: 3
arrivalTime: 0
burstTime: 5
usedCpuTime: 0
handleWeight: 3
state:0

name: P3
priority: 2
arrivalTime: 4
burstTime: 2
usedCpuTime: 0
handleWeight: 2
state:0

name: P2
priority: 1
arrivalTime: 2
burstTime: 3
usedCpuTime: 0
handleWeight: 1
state:0

currentTime: 20.25
name: P1
priority: 3
arrivalTime: 0
burstTime: 5
usedCpuTime: 0
handleWeight: 3
state:0

name: P3
priority: 2
arrivalTime: 4
burstTime: 2
usedCpuTime: 0
handleWeight: 2
state:0

name: P2
priority: 1
arrivalTime: 2
burstTime: 3
usedCpuTime: 0
handleWeight: 1
state:0

currentTime: 20.5
name: P1
priority: 3
arrivalTime: 0
burstTime: 5
usedCpuTime: 0
handleWeight: 3
state:0

name: P3
priority: 2
arrivalTime: 4
burstTime: 2
usedCpuTime: 0
handleWeight: 2
state:0

name: P2
priority: 1
arrivalTime: 2
burstTime: 3
usedCpuTime: 0
handleWeight: 1
state:0

currentTime: 20.75
name: P1
priority: 3
arrivalTime: 0
burstTime: 5
usedCpuTime: 0
handleWeight: 3
state:0

name: P3
priority: 2
arrivalTime: 4
burstTime: 2
usedCpuTime: 0
handleWeight: 2
state:0

name: P2
priority: 1
arrivalTime: 2
burstTime: 3
usedCpuTime: 0
handleWeight: 1
state:0

currentTime: 21
name: P1
priority: 3
arrivalTime: 0
burstTime: 5
usedCpuTime: 0
handleWeight: 3
state:0

name: P3
priority: 2
arrivalTime: 4
burstTime: 2
usedCpuTime: 0
handleWeight: 2
state:0

name: P2
priority: 1
arrivalTime: 2
burstTime: 3
usedCpuTime: 0
handleWeight: 1
state:0

currentTime: 21.25
name: P1
priority: 3
arrivalTime: 0
burstTime: 5
usedCpuTime: 0
handleWeight: 3
state:0

name: P3
priority: 2
arrivalTime: 4
burstTime: 2
usedCpuTime: 0
handleWeight: 2
state:0

name: P2
priority: 1
arrivalTime: 2
burstTime: 3
usedCpuTime: 0
handleWeight: 1
state:0

currentTime: 21.5
name: P1
priority: 3
arrivalTime: 0
burstTime: 5
usedCpuTime: 0
handleWeight: 3
state:0

name: P3
priority: 2
arrivalTime: 4
burstTime: 2
usedCpuTime: 0
handleWeight: 2
state:0

name: P2
priority: 1
arrivalTime: 2
burstTime: 3
usedCpuTime: 0
handleWeight: 1
state:0

currentTime: 21.75
name: P1
priority: 3
arrivalTime: 0
burstTime: 5
usedCpuTime: 0
handleWeight: 3
state:0

name: P3
priority: 2
arrivalTime: 4
burstTime: 2
usedCpuTime: 0
handleWeight: 2
state:0

name: P2
priority: 1
arrivalTime: 2
burstTime: 3
usedCpuTime: 0
handleWeight: 1
state:0

currentTime: 22
name: P1
priority: 3
arrivalTime: 0
burstTime: 5
usedCpuTime: 0
handleWeight: 3
state:0

name: P3
priority: 2
arrivalTime: 4
burstTime: 2
usedCpuTime: 0
handleWeight: 2
state:0

name: P2
priority: 1
arrivalTime: 2
burstTime: 3
usedCpuTime: 0
handleWeight: 1
state:0

currentTime: 22.25
name: P1
priority: 3
arrivalTime: 0
burstTime: 5
usedCpuTime: 0
handleWeight: 3
state:0

name: P3
priority: 2
arrivalTime: 4
burstTime: 2
usedCpuTime: 0
handleWeight: 2
state:0

name: P2
priority: 1
arrivalTime: 2
burstTime: 3
usedCpuTime: 0
handleWeight: 1
state:0

currentTime: 22.5
name: P1
priority: 3
arrivalTime: 0
burstTime: 5
usedCpuTime: 0
handleWeight: 3
state:0

name: P3
priority: 2
arrivalTime: 4
burstTime: 2
usedCpuTime: 0
handleWeight: 2
state:0

name: P2
priority: 1
arrivalTime: 2
burstTime: 3
usedCpuTime: 0
handleWeight: 1
state:0

currentTime: 22.75
name: P1
priority: 3
arrivalTime: 0
burstTime: 5
usedCpuTime: 0
handleWeight: 3
state:0

name: P3
priority: 2
arrivalTime: 4
burstTime: 2
usedCpuTime: 0
handleWeight: 2
state:0

name: P2
priority: 1
arrivalTime: 2
burstTime: 3
usedCpuTime: 0
handleWeight: 1
state:0

currentTime: 23
name: P1
priority: 3
arrivalTime: 0
burstTime: 5
usedCpuTime: 0
handleWeight: 3
state:0

name: P3
priority: 2
arrivalTime: 4
burstTime: 2
usedCpuTime: 0
handleWeight: 2
state:0

name: P2
priority: 1
arrivalTime: 2
burstTime: 3
usedCpuTime: 0
handleWeight: 1
state:0

currentTime: 23.25
name: P1
priority: 3
arrivalTime: 0
burstTime: 5
usedCpuTime: 0
handleWeight: 3
state:0

name: P3
priority: 2
arrivalTime: 4
burstTime: 2
usedCpuTime: 0
handleWeight: 2
state:0

name: P2
priority: 1
arrivalTime: 2
burstTime: 3
usedCpuTime: 0
handleWeight: 1
state:0

currentTime: 23.5
name: P1
priority: 3
arrivalTime: 0
burstTime: 5
usedCpuTime: 0
handleWeight: 3
state:0

name: P3
priority: 2
arrivalTime: 4
burstTime: 2
usedCpuTime: 0
handleWeight: 2
state:0

name: P2
priority: 1
arrivalTime: 2
burstTime: 3
usedCpuTime: 0
handleWeight: 1
state:0

currentTime: 23.75
name: P1
priority: 3
arrivalTime: 0
burstTime: 5
usedCpuTime: 0
handleWeight: 3
state:0

name: P3
priority: 2
arrivalTime: 4
burstTime: 2
usedCpuTime: 0
handleWeight: 2
state:0

name: P2
priority: 1
arrivalTime: 2
burstTime: 3
usedCpuTime: 0
handleWeight: 1
state:0

currentTime: 24
name: P1
priority: 3
arrivalTime: 0
burstTime: 5
usedCpuTime: 0
handleWeight: 3
state:0

name: P3
priority: 2
arrivalTime: 4
burstTime: 2
usedCpuTime: 0
handleWeight: 2
state:0

name: P2
priority: 1
arrivalTime: 2
burstTime: 3
usedCpuTime: 0
handleWeight: 1
state:0

currentTime: 24.25
name: P1
priority: 3
arrivalTime: 0
burstTime: 5
usedCpuTime: 0
handleWeight: 3
state:0

name: P3
priority: 2
arrivalTime: 4
burstTime: 2
usedCpuTime: 0
handleWeight: 2
state:0

name: P2
priority: 1
arrivalTime: 2
burstTime: 3
usedCpuTime: 0
handleWeight: 1
state:0

currentTime: 24.5
name: P1
priority: 3
arrivalTime: 0
burstTime: 5
usedCpuTime: 0
handleWeight: 3
state:0

name: P3
priority: 2
arrivalTime: 4
burstTime: 2
usedCpuTime: 0
handleWeight: 2
state:0

name: P2
priority: 1
arrivalTime: 2
burstTime: 3
usedCpuTime: 0
handleWeight: 1
state:0

currentTime: 24.75
name: P1
priority: 3
arrivalTime: 0
burstTime: 5
usedCpuTime: 0
handleWeight: 3
state:0

name: P3
priority: 2
arrivalTime: 4
burstTime: 2
usedCpuTime: 0
handleWeight: 2
state:0

name: P2
priority: 1
arrivalTime: 2
burstTime: 3
usedCpuTime: 0
handleWeight: 1
state:0

currentTime: 25
name: P1
priority: 3
arrivalTime: 0
burstTime: 5
usedCpuTime: 0
handleWeight: 3
state:0

name: P3
priority: 2
arrivalTime: 4
burstTime: 2
usedCpuTime: 0
handleWeight: 2
state:0

name: P2
priority: 1
arrivalTime: 2
burstTime: 3
usedCpuTime: 0
handleWeight: 1
state:0

currentTime: 25.25
name: P1
priority: 3
arrivalTime: 0
burstTime: 5
usedCpuTime: 0
handleWeight: 3
state:0

name: P3
priority: 2
arrivalTime: 4
burstTime: 2
usedCpuTime: 0
handleWeight: 2
state:0

name: P2
priority: 1
arrivalTime: 2
burstTime: 3
usedCpuTime: 0
handleWeight: 1
state:0

currentTime: 25.5
name: P1
priority: 3
arrivalTime: 0
burstTime: 5
usedCpuTime: 0
handleWeight: 3
state:0

name: P3
priority: 2
arrivalTime: 4
burstTime: 2
usedCpuTime: 0
handleWeight: 2
state:0

name: P2
priority: 1
arrivalTime: 2
burstTime: 3
usedCpuTime: 0
handleWeight: 1
state:0

currentTime: 25.75
name: P1
priority: 3
arrivalTime: 0
burstTime: 5
usedCpuTime: 0
handleWeight: 3
state:0

name: P3
priority: 2
arrivalTime: 4
burstTime: 2
usedCpuTime: 0
handleWeight: 2
state:0

name: P2
priority: 1
arrivalTime: 2
burstTime: 3
usedCpuTime: 0
handleWeight: 1
state:0

currentTime: 26
name: P1
priority: 3
arrivalTime: 0
burstTime: 5
usedCpuTime: 0
handleWeight: 3
state:0

name: P3
priority: 2
arrivalTime: 4
burstTime: 2
usedCpuTime: 0
handleWeight: 2
state:0

name: P2
priority: 1
arrivalTime: 2
burstTime: 3
usedCpuTime: 0
handleWeight: 1
state:0

currentTime: 26.25
name: P1
priority: 3
arrivalTime: 0
burstTime: 5
usedCpuTime: 0
handleWeight: 3
state:0

name: P3
priority: 2
arrivalTime: 4
burstTime: 2
usedCpuTime: 0
handleWeight: 2
state:0

name: P2
priority: 1
arrivalTime: 2
burstTime: 3
usedCpuTime: 0
handleWeight: 1
state:0

currentTime: 26.5
name: P1
priority: 3
arrivalTime: 0
burstTime: 5
usedCpuTime: 0
handleWeight: 3
state:0

name: P3
priority: 2
arrivalTime: 4
burstTime: 2
usedCpuTime: 0
handleWeight: 2
state:0

name: P2
priority: 1
arrivalTime: 2
burstTime: 3
usedCpuTime: 0
handleWeight: 1
state:0

currentTime: 26.75
name: P1
priority: 3
arrivalTime: 0
burstTime: 5
usedCpuTime: 0
handleWeight: 3
state:0

name: P3
priority: 2
arrivalTime: 4
burstTime: 2
usedCpuTime: 0
handleWeight: 2
state:0

name: P2
priority: 1
arrivalTime: 2
burstTime: 3
usedCpuTime: 0
handleWeight: 1
state:0

currentTime: 27
name: P1
priority: 3
arrivalTime: 0
burstTime: 5
usedCpuTime: 0
handleWeight: 3
state:0

name: P3
priority: 2
arrivalTime: 4
burstTime: 2
usedCpuTime: 0
handleWeight: 2
state:0

name: P2
priority: 1
arrivalTime: 2
burstTime: 3
usedCpuTime: 0
handleWeight: 1
state:0

currentTime: 27.25
name: P1
priority: 3
arrivalTime: 0
burstTime: 5
usedCpuTime: 0
handleWeight: 3
state:0

name: P3
priority: 2
arrivalTime: 4
burstTime: 2
usedCpuTime: 0
handleWeight: 2
state:0

name: P2
priority: 1
arrivalTime: 2
burstTime: 3
usedCpuTime: 0
handleWeight: 1
state:0

currentTime: 27.5
name: P1
priority: 3
arrivalTime: 0
burstTime: 5
usedCpuTime: 0
handleWeight: 3
state:0

name: P3
priority: 2
arrivalTime: 4
burstTime: 2
usedCpuTime: 0
handleWeight: 2
state:0

name: P2
priority: 1
arrivalTime: 2
burstTime: 3
usedCpuTime: 0
handleWeight: 1
state:0

currentTime: 27.75
name: P1
priority: 3
arrivalTime: 0
burstTime: 5
usedCpuTime: 0
handleWeight: 3
state:0

name: P3
priority: 2
arrivalTime: 4
burstTime: 2
usedCpuTime: 0
handleWeight: 2
state:0

name: P2
priority: 1
arrivalTime: 2
burstTime: 3
usedCpuTime: 0
handleWeight: 1
state:0

currentTime: 28
name: P1
priority: 3
arrivalTime: 0
burstTime: 5
usedCpuTime: 0
handleWeight: 3
state:0

name: P3
priority: 2
arrivalTime: 4
burstTime: 2
usedCpuTime: 0
handleWeight: 2
state:0

name: P2
priority: 1
arrivalTime: 2
burstTime: 3
usedCpuTime: 0
handleWeight: 1
state:0

currentTime: 28.25
name: P1
priority: 3
arrivalTime: 0
burstTime: 5
usedCpuTime: 0
handleWeight: 3
state:0

name: P3
priority: 2
arrivalTime: 4
burstTime: 2
usedCpuTime: 0
handleWeight: 2
state:0

name: P2
priority: 1
arrivalTime: 2
burstTime: 3
usedCpuTime: 0
handleWeight: 1
state:0

currentTime: 28.5
name: P1
priority: 3
arrivalTime: 0
burstTime: 5
usedCpuTime: 0
handleWeight: 3
state:0

name: P3
priority: 2
arrivalTime: 4
burstTime: 2
usedCpuTime: 0
handleWeight: 2
state:0

name: P2
priority: 1
arrivalTime: 2
burstTime: 3
usedCpuTime: 0
handleWeight: 1
state:0

currentTime: 28.75
name: P1
priority: 3
arrivalTime: 0
burstTime: 5
usedCpuTime: 0
handleWeight: 3
state:0

name: P3
priority: 2
arrivalTime: 4
burstTime: 2
usedCpuTime: 0
handleWeight: 2
state:0

name: P2
priority: 1
arrivalTime: 2
burstTime: 3
usedCpuTime: 0
handleWeight: 1
state:0

currentTime: 29
name: P1
priority: 3
arrivalTime: 0
burstTime: 5
usedCpuTime: 0
handleWeight: 3
state:0

name: P3
priority: 2
arrivalTime: 4
burstTime: 2
usedCpuTime: 0
handleWeight: 2
state:0

name: P2
priority: 1
arrivalTime: 2
burstTime: 3
usedCpuTime: 0
handleWeight: 1
state:0

currentTime: 29.25
name: P1
priority: 3
arrivalTime: 0
burstTime: 5
usedCpuTime: 0
handleWeight: 3
state:0

name: P3
priority: 2
arrivalTime: 4
burstTime: 2
usedCpuTime: 0
handleWeight: 2
state:0

name: P2
priority: 1
arrivalTime: 2
burstTime: 3
usedCpuTime: 0
handleWeight: 1
state:0

currentTime: 29.5
name: P1
priority: 3
arrivalTime: 0
burstTime: 5
usedCpuTime: 0
handleWeight: 3
state:0

name: P3
priority: 2
arrivalTime: 4
burstTime: 2
usedCpuTime: 0
handleWeight: 2
state:0

name: P2
priority: 1
arrivalTime: 2
burstTime: 3
usedCpuTime: 0
handleWeight: 1
state:0

currentTime: 29.75
name: P1
priority: 3
arrivalTime: 0
burstTime: 5
usedCpuTime: 0
handleWeight: 3
state:0

name: P3
priority: 2
arrivalTime: 4
burstTime: 2
usedCpuTime: 0
handleWeight: 2
state:0

name: P2
priority: 1
arrivalTime: 2
burstTime: 3
usedCpuTime: 0
handleWeight: 1
state:0

currentTime: 30
name: P1
priority: 3
arrivalTime: 0
burstTime: 5
usedCpuTime: 0
handleWeight: 3
state:0

name: P3
priority: 2
arrivalTime: 4
burstTime: 2
usedCpuTime: 0
handleWeight: 2
state:0

name: P2
priority: 1
arrivalTime: 2
burstTime: 3
usedCpuTime: 0
handleWeight: 1
state:0

currentTime: 30.25
name: P1
priority: 3
arrivalTime: 0
burstTime: 5
usedCpuTime: 0
handleWeight: 3
state:0

name: P3
priority: 2
arrivalTime: 4
burstTime: 2
usedCpuTime: 0
handleWeight: 2
state:0

name: P2
priority: 1
arrivalTime: 2
burstTime: 3
usedCpuTime: 0
handleWeight: 1
state:0

currentTime: 30.5
name: P1
priority: 3
arrivalTime: 0
burstTime: 5
usedCpuTime: 0
handleWeight: 3
state:0

name: P3
priority: 2
arrivalTime: 4
burstTime: 2
usedCpuTime: 0
handleWeight: 2
state:0

name: P2
priority: 1
arrivalTime: 2
burstTime: 3
usedCpuTime: 0
handleWeight: 1
state:0

currentTime: 30.75
name: P1
priority: 3
arrivalTime: 0
burstTime: 5
usedCpuTime: 0
handleWeight: 3
state:0

name: P3
priority: 2
arrivalTime: 4
burstTime: 2
usedCpuTime: 0
handleWeight: 2
state:0

name: P2
priority: 1
arrivalTime: 2
burstTime: 3
usedCpuTime: 0
handleWeight: 1
state:0

currentTime: 31
name: P1
priority: 3
arrivalTime: 0
burstTime: 5
usedCpuTime: 0
handleWeight: 3
state:0

name: P3
priority: 2
arrivalTime: 4
burstTime: 2
usedCpuTime: 0
handleWeight: 2
state:0

name: P2
priority: 1
arrivalTime: 2
burstTime: 3
usedCpuTime: 0
handleWeight: 1
state:0

currentTime: 31.25
name: P1
priority: 3
arrivalTime: 0
burstTime: 5
usedCpuTime: 0
handleWeight: 3
state:0

name: P3
priority: 2
arrivalTime: 4
burstTime: 2
usedCpuTime: 0
handleWeight: 2
state:0

name: P2
priority: 1
arrivalTime: 2
burstTime: 3
usedCpuTime: 0
handleWeight: 1
state:0

currentTime: 31.5
name: P1
priority: 3
arrivalTime: 0
burstTime: 5
usedCpuTime: 0
handleWeight: 3
state:0

name: P3
priority: 2
arrivalTime: 4
burstTime: 2
usedCpuTime: 0
handleWeight: 2
state:0

name: P2
priority: 1
arrivalTime: 2
burstTime: 3
usedCpuTime: 0
handleWeight: 1
state:0

currentTime: 31.75
name: P1
priority: 3
arrivalTime: 0
burstTime: 5
usedCpuTime: 0
handleWeight: 3
state:0

name: P3
priority: 2
arrivalTime: 4
burstTime: 2
usedCpuTime: 0
handleWeight: 2
state:0

name: P2
priority: 1
arrivalTime: 2
burstTime: 3
usedCpuTime: 0
handleWeight: 1
state:0

currentTime: 32
name: P1
priority: 3
arrivalTime: 0
burstTime: 5
usedCpuTime: 0
handleWeight: 3
state:0

name: P3
priority: 2
arrivalTime: 4
burstTime: 2
usedCpuTime: 0
handleWeight: 2
state:0

name: P2
priority: 1
arrivalTime: 2
burstTime: 3
usedCpuTime: 0
handleWeight: 1
state:0

currentTime: 32.25
name: P1
priority: 3
arrivalTime: 0
burstTime: 5
usedCpuTime: 0
handleWeight: 3
state:0

name: P3
priority: 2
arrivalTime: 4
burstTime: 2
usedCpuTime: 0
handleWeight: 2
state:0

name: P2
priority: 1
arrivalTime: 2
burstTime: 3
usedCpuTime: 0
handleWeight: 1
state:0

currentTime: 32.5
name: P1
priority: 3
arrivalTime: 0
burstTime: 5
usedCpuTime: 0
handleWeight: 3
state:0

name: P3
priority: 2
arrivalTime: 4
burstTime: 2
usedCpuTime: 0
handleWeight: 2
state:0

name: P2
priority: 1
arrivalTime: 2
burstTime: 3
usedCpuTime: 0
handleWeight: 1
state:0

currentTime: 32.75
name: P1
priority: 3
arrivalTime: 0
burstTime: 5
usedCpuTime: 0
handleWeight: 3
state:0

name: P3
priority: 2
arrivalTime: 4
burstTime: 2
usedCpuTime: 0
handleWeight: 2
state:0

name: P2
priority: 1
arrivalTime: 2
burstTime: 3
usedCpuTime: 0
handleWeight: 1
state:0

currentTime: 33
name: P1
priority: 3
arrivalTime: 0
burstTime: 5
usedCpuTime: 0
handleWeight: 3
state:0

name: P3
priority: 2
arrivalTime: 4
burstTime: 2
usedCpuTime: 0
handleWeight: 2
state:0

name: P2
priority: 1
arrivalTime: 2
burstTime: 3
usedCpuTime: 0
handleWeight: 1
state:0

currentTime: 33.25
name: P1
priority: 3
arrivalTime: 0
burstTime: 5
usedCpuTime: 0
handleWeight: 3
state:0

name: P3
priority: 2
arrivalTime: 4
burstTime: 2
usedCpuTime: 0
handleWeight: 2
state:0

name: P2
priority: 1
arrivalTime: 2
burstTime: 3
usedCpuTime: 0
handleWeight: 1
state:0

currentTime: 33.5
name: P1
priority: 3
arrivalTime: 0
burstTime: 5
usedCpuTime: 0
handleWeight: 3
state:0

name: P3
priority: 2
arrivalTime: 4
burstTime: 2
usedCpuTime: 0
handleWeight: 2
state:0

name: P2
priority: 1
arrivalTime: 2
burstTime: 3
usedCpuTime: 0
handleWeight: 1
state:0

currentTime: 33.75
name: P1
priority: 3
arrivalTime: 0
burstTime: 5
usedCpuTime: 0
handleWeight: 3
state:0

name: P3
priority: 2
arrivalTime: 4
burstTime: 2
usedCpuTime: 0
handleWeight: 2
state:0

name: P2
priority: 1
arrivalTime: 2
burstTime: 3
usedCpuTime: 0
handleWeight: 1
state:0

currentTime: 34
name: P1
priority: 3
arrivalTime: 0
burstTime: 5
usedCpuTime: 0
handleWeight: 3
state:0

name: P3
priority: 2
arrivalTime: 4
burstTime: 2
usedCpuTime: 0
handleWeight: 2
state:0

name: P2
priority: 1
arrivalTime: 2
burstTime: 3
usedCpuTime: 0
handleWeight: 1
state:0

currentTime: 34.25
name: P1
priority: 3
arrivalTime: 0
burstTime: 5
usedCpuTime: 0
handleWeight: 3
state:0

name: P3
priority: 2
arrivalTime: 4
burstTime: 2
usedCpuTime: 0
handleWeight: 2
state:0

name: P2
priority: 1
arrivalTime: 2
burstTime: 3
usedCpuTime: 0
handleWeight: 1
state:0

currentTime: 34.5
name: P1
priority: 3
arrivalTime: 0
burstTime: 5
usedCpuTime: 0
handleWeight: 3
state:0

name: P3
priority: 2
arrivalTime: 4
burstTime: 2
usedCpuTime: 0
handleWeight: 2
state:0

name: P2
priority: 1
arrivalTime: 2
burstTime: 3
usedCpuTime: 0
handleWeight: 1
state:0

currentTime: 34.75
name: P1
priority: 3
arrivalTime: 0
burstTime: 5
usedCpuTime: 0
handleWeight: 3
state:0

name: P3
priority: 2
arrivalTime: 4
burstTime: 2
usedCpuTime: 0
handleWeight: 2
state:0

name: P2
priority: 1
arrivalTime: 2
burstTime: 3
usedCpuTime: 0
handleWeight: 1
state:0

currentTime: 35
name: P1
priority: 3
arrivalTime: 0
burstTime: 5
usedCpuTime: 0
handleWeight: 3
state:0

name: P3
priority: 2
arrivalTime: 4
burstTime: 2
usedCpuTime: 0
handleWeight: 2
state:0

name: P2
priority: 1
arrivalTime: 2
burstTime: 3
usedCpuTime: 0
handleWeight: 1
state:0

currentTime: 35.25
name: P1
priority: 3
arrivalTime: 0
burstTime: 5
usedCpuTime: 0
handleWeight: 3
state:0

name: P3
priority: 2
arrivalTime: 4
burstTime: 2
usedCpuTime: 0
handleWeight: 2
state:0

name: P2
priority: 1
arrivalTime: 2
burstTime: 3
usedCpuTime: 0
handleWeight: 1
state:0

currentTime: 35.5
name: P1
priority: 3
arrivalTime: 0
burstTime: 5
usedCpuTime: 0
handleWeight: 3
state:0

name: P3
priority: 2
arrivalTime: 4
burstTime: 2
usedCpuTime: 0
handleWeight: 2
state:0

name: P2
priority: 1
arrivalTime: 2
burstTime: 3
usedCpuTime: 0
handleWeight: 1
state:0

currentTime: 35.75
name: P1
priority: 3
arrivalTime: 0
burstTime: 5
usedCpuTime: 0
handleWeight: 3
state:0

name: P3
priority: 2
arrivalTime: 4
burstTime: 2
usedCpuTime: 0
handleWeight: 2
state:0

name: P2
priority: 1
arrivalTime: 2
burstTime: 3
usedCpuTime: 0
handleWeight: 1
state:0

currentTime: 36
name: P1
priority: 3
arrivalTime: 0
burstTime: 5
usedCpuTime: 0
handleWeight: 3
state:0

name: P3
priority: 2
arrivalTime: 4
burstTime: 2
usedCpuTime: 0
handleWeight: 2
state:0

name: P2
priority: 1
arrivalTime: 2
burstTime: 3
usedCpuTime: 0
handleWeight: 1
state:0

currentTime: 36.25
name: P1
priority: 3
arrivalTime: 0
burstTime: 5
usedCpuTime: 0
handleWeight: 3
state:0

name: P3
priority: 2
arrivalTime: 4
burstTime: 2
usedCpuTime: 0
handleWeight: 2
state:0

name: P2
priority: 1
arrivalTime: 2
burstTime: 3
usedCpuTime: 0
handleWeight: 1
state:0

currentTime: 36.5
name: P1
priority: 3
arrivalTime: 0
burstTime: 5
usedCpuTime: 0
handleWeight: 3
state:0

name: P3
priority: 2
arrivalTime: 4
burstTime: 2
usedCpuTime: 0
handleWeight: 2
state:0

name: P2
priority: 1
arrivalTime: 2
burstTime: 3
usedCpuTime: 0
handleWeight: 1
state:0

currentTime: 36.75
name: P1
priority: 3
arrivalTime: 0
burstTime: 5
usedCpuTime: 0
handleWeight: 3
state:0

name: P3
priority: 2
arrivalTime: 4
burstTime: 2
usedCpuTime: 0
handleWeight: 2
state:0

name: P2
priority: 1
arrivalTime: 2
burstTime: 3
usedCpuTime: 0
handleWeight: 1
state:0

currentTime: 37
name: P1
priority: 3
arrivalTime: 0
burstTime: 5
usedCpuTime: 0
handleWeight: 3
state:0

name: P3
priority: 2
arrivalTime: 4
burstTime: 2
usedCpuTime: 0
handleWeight: 2
state:0

name: P2
priority: 1
arrivalTime: 2
burstTime: 3
usedCpuTime: 0
handleWeight: 1
state:0

currentTime: 37.25
name: P1
priority: 3
arrivalTime: 0
burstTime: 5
usedCpuTime: 0
handleWeight: 3
state:0

name: P3
priority: 2
arrivalTime: 4
burstTime: 2
usedCpuTime: 0
handleWeight: 2
state:0

name: P2
priority: 1
arrivalTime: 2
burstTime: 3
usedCpuTime: 0
handleWeight: 1
state:0

currentTime: 37.5
name: P1
priority: 3
arrivalTime: 0
burstTime: 5
usedCpuTime: 0
handleWeight: 3
state:0

name: P3
priority: 2
arrivalTime: 4
burstTime: 2
usedCpuTime: 0
handleWeight: 2
state:0

name: P2
priority: 1
arrivalTime: 2
burstTime: 3
usedCpuTime: 0
handleWeight: 1
state:0

currentTime: 37.75
name: P1
priority: 3
arrivalTime: 0
burstTime: 5
usedCpuTime: 0
handleWeight: 3
state:0

name: P3
priority: 2
arrivalTime: 4
burstTime: 2
usedCpuTime: 0
handleWeight: 2
state:0

name: P2
priority: 1
arrivalTime: 2
burstTime: 3
usedCpuTime: 0
handleWeight: 1
state:0

currentTime: 38
name: P1
priority: 3
arrivalTime: 0
burstTime: 5
usedCpuTime: 0
handleWeight: 3
state:0

name: P3
priority: 2
arrivalTime: 4
burstTime: 2
usedCpuTime: 0
handleWeight: 2
state:0

name: P2
priority: 1
arrivalTime: 2
burstTime: 3
usedCpuTime: 0
handleWeight: 1
state:0

currentTime: 38.25
name: P1
priority: 3
arrivalTime: 0
burstTime: 5
usedCpuTime: 0
handleWeight: 3
state:0

name: P3
priority: 2
arrivalTime: 4
burstTime: 2
usedCpuTime: 0
handleWeight: 2
state:0

name: P2
priority: 1
arrivalTime: 2
burstTime: 3
usedCpuTime: 0
handleWeight: 1
state:0

currentTime: 38.5
name: P1
priority: 3
arrivalTime: 0
burstTime: 5
usedCpuTime: 0
handleWeight: 3
state:0

name: P3
priority: 2
arrivalTime: 4
burstTime: 2
usedCpuTime: 0
handleWeight: 2
state:0

name: P2
priority: 1
arrivalTime: 2
burstTime: 3
usedCpuTime: 0
handleWeight: 1
state:0

currentTime: 38.75
name: P1
priority: 3
arrivalTime: 0
burstTime: 5
usedCpuTime: 0
handleWeight: 3
state:0

name: P3
priority: 2
arrivalTime: 4
burstTime: 2
usedCpuTime: 0
handleWeight: 2
state:0

name: P2
priority: 1
arrivalTime: 2
burstTime: 3
usedCpuTime: 0
handleWeight: 1
state:0

currentTime: 39
name: P1
priority: 3
arrivalTime: 0
burstTime: 5
usedCpuTime: 0
handleWeight: 3
state:0

name: P3
priority: 2
arrivalTime: 4
burstTime: 2
usedCpuTime: 0
handleWeight: 2
state:0

name: P2
priority: 1
arrivalTime: 2
burstTime: 3
usedCpuTime: 0
handleWeight: 1
state:0

currentTime: 39.25
name: P1
priority: 3
arrivalTime: 0
burstTime: 5
usedCpuTime: 0
handleWeight: 3
state:0

name: P3
priority: 2
arrivalTime: 4
burstTime: 2
usedCpuTime: 0
handleWeight: 2
state:0

name: P2
priority: 1
arrivalTime: 2
burstTime: 3
usedCpuTime: 0
handleWeight: 1
state:0

currentTime: 39.5
name: P1
priority: 3
arrivalTime: 0
burstTime: 5
usedCpuTime: 0
handleWeight: 3
state:0

name: P3
priority: 2
arrivalTime: 4
burstTime: 2
usedCpuTime: 0
handleWeight: 2
state:0

name: P2
priority: 1
arrivalTime: 2
burstTime: 3
usedCpuTime: 0
handleWeight: 1
state:0

currentTime: 39.75
name: P1
priority: 3
arrivalTime: 0
burstTime: 5
usedCpuTime: 0
handleWeight: 3
state:0

name: P3
priority: 2
arrivalTime: 4
burstTime: 2
usedCpuTime: 0
handleWeight: 2
state:0

name: P2
priority: 1
arrivalTime: 2
burstTime: 3
usedCpuTime: 0
handleWeight: 1
state:0

currentTime: 40
name: P1
priority: 3
arrivalTime: 0
burstTime: 5
usedCpuTime: 0
handleWeight: 3
state:0

name: P3
priority: 2
arrivalTime: 4
burstTime: 2
usedCpuTime: 0
handleWeight: 2
state:0

name: P2
priority: 1
arrivalTime: 2
burstTime: 3
usedCpuTime: 0
handleWeight: 1
state:0

currentTime: 40.25
name: P1
priority: 3
arrivalTime: 0
burstTime: 5
usedCpuTime: 0
handleWeight: 3
state:0

name: P3
priority: 2
arrivalTime: 4
burstTime: 2
usedCpuTime: 0
handleWeight: 2
state:0

name: P2
priority: 1
arrivalTime: 2
burstTime: 3
usedCpuTime: 0
handleWeight: 1
state:0

currentTime: 40.5
name: P1
priority: 3
arrivalTime: 0
burstTime: 5
usedCpuTime: 0
handleWeight: 3
state:0

name: P3
priority: 2
arrivalTime: 4
burstTime: 2
usedCpuTime: 0
handleWeight: 2
state:0

name: P2
priority: 1
arrivalTime: 2
burstTime: 3
usedCpuTime: 0
handleWeight: 1
state:0

currentTime: 40.75
name: P1
priority: 3
arrivalTime: 0
burstTime: 5
usedCpuTime: 0
handleWeight: 3
state:0

name: P3
priority: 2
arrivalTime: 4
burstTime: 2
usedCpuTime: 0
handleWeight: 2
state:0

name: P2
priority: 1
arrivalTime: 2
burstTime: 3
usedCpuTime: 0
handleWeight: 1
state:0

currentTime: 41
name: P1
priority: 3
arrivalTime: 0
burstTime: 5
usedCpuTime: 0
handleWeight: 3
state:0

name: P3
priority: 2
arrivalTime: 4
burstTime: 2
usedCpuTime: 0
handleWeight: 2
state:0

name: P2
priority: 1
arrivalTime: 2
burstTime: 3
usedCpuTime: 0
handleWeight: 1
state:0

currentTime: 41.25
name: P1
priority: 3
arrivalTime: 0
burstTime: 5
usedCpuTime: 0
handleWeight: 3
state:0

name: P3
priority: 2
arrivalTime: 4
burstTime: 2
usedCpuTime: 0
handleWeight: 2
state:0

name: P2
priority: 1
arrivalTime: 2
burstTime: 3
usedCpuTime: 0
handleWeight: 1
state:0

currentTime: 41.5
name: P1
priority: 3
arrivalTime: 0
burstTime: 5
usedCpuTime: 0
handleWeight: 3
state:0

name: P3
priority: 2
arrivalTime: 4
burstTime: 2
usedCpuTime: 0
handleWeight: 2
state:0

name: P2
priority: 1
arrivalTime: 2
burstTime: 3
usedCpuTime: 0
handleWeight: 1
state:0

currentTime: 41.75
name: P1
priority: 3
arrivalTime: 0
burstTime: 5
usedCpuTime: 0
handleWeight: 3
state:0

name: P3
priority: 2
arrivalTime: 4
burstTime: 2
usedCpuTime: 0
handleWeight: 2
state:0

name: P2
priority: 1
arrivalTime: 2
burstTime: 3
usedCpuTime: 0
handleWeight: 1
state:0

currentTime: 42
name: P1
priority: 3
arrivalTime: 0
burstTime: 5
usedCpuTime: 0
handleWeight: 3
state:0

name: P3
priority: 2
arrivalTime: 4
burstTime: 2
usedCpuTime: 0
handleWeight: 2
state:0

name: P2
priority: 1
arrivalTime: 2
burstTime: 3
usedCpuTime: 0
handleWeight: 1
state:0

currentTime: 42.25
name: P1
priority: 3
arrivalTime: 0
burstTime: 5
usedCpuTime: 0
handleWeight: 3
state:0

name: P3
priority: 2
arrivalTime: 4
burstTime: 2
usedCpuTime: 0
handleWeight: 2
state:0

name: P2
priority: 1
arrivalTime: 2
burstTime: 3
usedCpuTime: 0
handleWeight: 1
state:0

currentTime: 42.5
name: P1
priority: 3
arrivalTime: 0
burstTime: 5
usedCpuTime: 0
handleWeight: 3
state:0

name: P3
priority: 2
arrivalTime: 4
burstTime: 2
usedCpuTime: 0
handleWeight: 2
state:0

name: P2
priority: 1
arrivalTime: 2
burstTime: 3
usedCpuTime: 0
handleWeight: 1
state:0

currentTime: 42.75
name: P1
priority: 3
arrivalTime: 0
burstTime: 5
usedCpuTime: 0
handleWeight: 3
state:0

name: P3
priority: 2
arrivalTime: 4
burstTime: 2
usedCpuTime: 0
handleWeight: 2
state:0

name: P2
priority: 1
arrivalTime: 2
burstTime: 3
usedCpuTime: 0
handleWeight: 1
state:0

currentTime: 43
name: P1
priority: 3
arrivalTime: 0
burstTime: 5
usedCpuTime: 0
handleWeight: 3
state:0

name: P3
priority: 2
arrivalTime: 4
burstTime: 2
usedCpuTime: 0
handleWeight: 2
state:0

name: P2
priority: 1
arrivalTime: 2
burstTime: 3
usedCpuTime: 0
handleWeight: 1
state:0

currentTime: 43.25
name: P1
priority: 3
arrivalTime: 0
burstTime: 5
usedCpuTime: 0
handleWeight: 3
state:0

name: P3
priority: 2
arrivalTime: 4
burstTime: 2
usedCpuTime: 0
handleWeight: 2
state:0

name: P2
priority: 1
arrivalTime: 2
burstTime: 3
usedCpuTime: 0
handleWeight: 1
state:0

currentTime: 43.5
name: P1
priority: 3
arrivalTime: 0
burstTime: 5
usedCpuTime: 0
handleWeight: 3
state:0

name: P3
priority: 2
arrivalTime: 4
burstTime: 2
usedCpuTime: 0
handleWeight: 2
state:0

name: P2
priority: 1
arrivalTime: 2
burstTime: 3
usedCpuTime: 0
handleWeight: 1
state:0

currentTime: 43.75
name: P1
priority: 3
arrivalTime: 0
burstTime: 5
usedCpuTime: 0
handleWeight: 3
state:0

name: P3
priority: 2
arrivalTime: 4
burstTime: 2
usedCpuTime: 0
handleWeight: 2
state:0

name: P2
priority: 1
arrivalTime: 2
burstTime: 3
usedCpuTime: 0
handleWeight: 1
state:0

currentTime: 44
name: P1
priority: 3
arrivalTime: 0
burstTime: 5
usedCpuTime: 0
handleWeight: 3
state:0

name: P3
priority: 2
arrivalTime: 4
burstTime: 2
usedCpuTime: 0
handleWeight: 2
state:0

name: P2
priority: 1
arrivalTime: 2
burstTime: 3
usedCpuTime: 0
handleWeight: 1
state:0

